TN:
SF:src\Server.ts
FNF:0
FNH:0
DA:1,2
DA:2,2
DA:3,2
DA:4,2
DA:5,2
DA:6,2
DA:7,2
DA:8,2
DA:9,2
DA:10,2
DA:11,2
DA:12,2
DA:13,2
DA:14,2
DA:56,2
DA:57,2
DA:60,2
LF:17
LH:17
BRDA:19,0,0,2
BRDA:19,0,1,2
BRF:2
BRH:2
end_of_record
TN:
SF:src\controllers\pages\IndexController.ts
FN:16,(anonymous_0)
FN:21,(anonymous_1)
FNF:2
FNH:0
FNDA:0,(anonymous_0)
FNDA:0,(anonymous_1)
DA:1,2
DA:2,2
DA:3,2
DA:5,2
DA:9,2
DA:10,2
DA:13,2
DA:17,0
DA:19,0
DA:22,0
LF:10
LH:7
BRDA:17,0,0,0
BRDA:17,0,1,0
BRF:2
BRH:0
end_of_record
TN:
SF:src\controllers\rest\HelloWorldController.ts
FN:8,(anonymous_0)
FN:15,(anonymous_1)
FN:29,(anonymous_2)
FN:33,(anonymous_3)
FNF:4
FNH:3
FNDA:0,(anonymous_0)
FNDA:1,(anonymous_1)
FNDA:1,(anonymous_2)
FNDA:5,(anonymous_3)
DA:1,3
DA:2,3
DA:3,3
DA:6,3
DA:7,3
DA:9,0
DA:12,3
DA:17,1
DA:18,1
DA:19,1
DA:21,0
DA:24,0
DA:25,0
DA:30,1
DA:34,5
LF:15
LH:11
BRDA:18,0,0,1
BRF:1
BRH:1
end_of_record
